\BOOKMARK [0][-]{Item.3}{\376\377\000A\000b\000s\000t\000r\000a\000c\000t}{}% 1
\BOOKMARK [0][-]{chapter*.5}{\376\377\000A\000c\000k\000n\000o\000w\000l\000e\000d\000g\000e\000m\000e\000n\000t\000s}{}% 2
\BOOKMARK [0][-]{chapter*.6}{\376\377\000C\000o\000n\000t\000e\000n\000t\000s}{}% 3
\BOOKMARK [0][-]{chapter*.7}{\376\377\000L\000i\000s\000t\000\040\000o\000f\000\040\000F\000i\000g\000u\000r\000e\000s}{}% 4
\BOOKMARK [0][-]{chapter*.8}{\376\377\000L\000i\000s\000t\000\040\000o\000f\000\040\000T\000a\000b\000l\000e\000s}{}% 5
\BOOKMARK [0][-]{chapter*.9}{\376\377\000L\000i\000s\000t\000\040\000o\000f\000\040\000A\000b\000b\000r\000e\000v\000i\000a\000t\000i\000o\000n\000s}{}% 6
\BOOKMARK [0][-]{chapter*.10}{\376\377\000L\000i\000s\000t\000\040\000o\000f\000\040\000S\000y\000m\000b\000o\000l\000s}{}% 7
\BOOKMARK [0][-]{chapter.11}{\376\377\000I\000n\000t\000r\000o\000d\000u\000c\000t\000i\000o\000n}{}% 8
\BOOKMARK [1][-]{section.12}{\376\377\000B\000a\000c\000k\000g\000r\000o\000u\000n\000d\000\040\000a\000n\000d\000\040\000C\000o\000n\000t\000e\000m\000p\000o\000r\000a\000r\000y\000\040\000C\000o\000n\000t\000e\000x\000t}{chapter.11}% 9
\BOOKMARK [1][-]{section.13}{\376\377\000T\000h\000e\000\040\000C\000o\000r\000e\000\040\000P\000r\000o\000b\000l\000e\000m\000:\000\040\000S\000e\000m\000a\000n\000t\000i\000c\000\040\000R\000e\000a\000s\000o\000n\000i\000n\000g\000\040\000R\000e\000d\000u\000n\000d\000a\000n\000c\000y}{chapter.11}% 10
\BOOKMARK [1][-]{section.14}{\376\377\000R\000e\000s\000e\000a\000r\000c\000h\000\040\000M\000o\000t\000i\000v\000a\000t\000i\000o\000n\000\040\000a\000n\000d\000\040\000t\000h\000e\000\040\000N\000e\000e\000d\000\040\000f\000o\000r\000\040\000S\000e\000m\000a\000n\000t\000i\000c\000-\000A\000w\000a\000r\000e\000\040\000S\000c\000h\000e\000d\000u\000l\000i\000n\000g}{chapter.11}% 11
\BOOKMARK [1][-]{section.18}{\376\377\000S\000t\000a\000t\000e\000m\000e\000n\000t\000\040\000o\000f\000\040\000C\000o\000r\000e\000\040\000R\000e\000s\000e\000a\000r\000c\000h\000\040\000O\000b\000j\000e\000c\000t\000i\000v\000e\000s}{chapter.11}% 12
\BOOKMARK [1][-]{section.23}{\376\377\000S\000u\000m\000m\000a\000r\000y\000\040\000o\000f\000\040\000S\000c\000i\000e\000n\000t\000i\000f\000i\000c\000\040\000C\000o\000n\000t\000r\000i\000b\000u\000t\000i\000o\000n\000s}{chapter.11}% 13
\BOOKMARK [1][-]{section.24}{\376\377\000T\000h\000e\000s\000i\000s\000\040\000D\000o\000c\000u\000m\000e\000n\000t\000\040\000O\000r\000g\000a\000n\000i\000z\000a\000t\000i\000o\000n}{chapter.11}% 14
\BOOKMARK [0][-]{chapter.25}{\376\377\000L\000i\000t\000e\000r\000a\000t\000u\000r\000e\000\040\000R\000e\000v\000i\000e\000w}{}% 15
\BOOKMARK [1][-]{section.26}{\376\377\000V\000i\000s\000i\000o\000n\000-\000L\000a\000n\000g\000u\000a\000g\000e\000\040\000M\000o\000d\000e\000l\000s}{chapter.25}% 16
\BOOKMARK [1][-]{section.27}{\376\377\000V\000i\000s\000i\000o\000n\000-\000L\000a\000n\000g\000u\000a\000g\000e\000\040\000M\000o\000d\000e\000l\000s\000\040\000i\000n\000\040\000R\000o\000b\000o\000t\000i\000c\000s}{chapter.25}% 17
\BOOKMARK [1][-]{section.28}{\376\377\000E\000f\000f\000i\000c\000i\000e\000n\000t\000\040\000a\000n\000d\000\040\000E\000d\000g\000e\000\040\000I\000n\000f\000e\000r\000e\000n\000c\000e}{chapter.25}% 18
\BOOKMARK [1][-]{section.29}{\376\377\000T\000e\000m\000p\000o\000r\000a\000l\000\040\000R\000e\000d\000u\000n\000d\000a\000n\000c\000y\000\040\000R\000e\000d\000u\000c\000t\000i\000o\000n\000\040\000i\000n\000\040\000V\000i\000d\000e\000o}{chapter.25}% 19
\BOOKMARK [1][-]{section.30}{\376\377\000O\000b\000j\000e\000c\000t\000\040\000D\000e\000t\000e\000c\000t\000i\000o\000n\000\040\000a\000n\000d\000\040\000M\000u\000l\000t\000i\000-\000O\000b\000j\000e\000c\000t\000\040\000T\000r\000a\000c\000k\000i\000n\000g}{chapter.25}% 20
\BOOKMARK [1][-]{section.31}{\376\377\000S\000e\000m\000a\000n\000t\000i\000c\000\040\000R\000e\000p\000r\000e\000s\000e\000n\000t\000a\000t\000i\000o\000n\000s\000\040\000a\000n\000d\000\040\000C\000o\000n\000c\000e\000p\000t\000\040\000D\000r\000i\000f\000t}{chapter.25}% 21
\BOOKMARK [1][-]{section.32}{\376\377\000A\000d\000a\000p\000t\000i\000v\000e\000\040\000a\000n\000d\000\040\000C\000o\000n\000d\000i\000t\000i\000o\000n\000a\000l\000\040\000C\000o\000m\000p\000u\000t\000a\000t\000i\000o\000n}{chapter.25}% 22
\BOOKMARK [1][-]{section.33}{\376\377\000E\000f\000f\000i\000c\000i\000e\000n\000t\000\040\000V\000i\000d\000e\000o\000\040\000A\000n\000a\000l\000y\000t\000i\000c\000s\000\040\000S\000y\000s\000t\000e\000m\000s}{chapter.25}% 23
\BOOKMARK [1][-]{section.34}{\376\377\000S\000t\000r\000e\000a\000m\000i\000n\000g\000\040\000a\000n\000d\000\040\000A\000d\000a\000p\000t\000i\000v\000e\000\040\000M\000u\000l\000t\000i\000m\000o\000d\000a\000l\000\040\000I\000n\000f\000e\000r\000e\000n\000c\000e}{chapter.25}% 24
\BOOKMARK [1][-]{section.35}{\376\377\000C\000o\000m\000p\000a\000r\000a\000t\000i\000v\000e\000\040\000P\000o\000s\000i\000t\000i\000o\000n\000i\000n\000g}{chapter.25}% 25
\BOOKMARK [0][-]{chapter.37}{\376\377\000P\000r\000o\000p\000o\000s\000e\000d\000\040\000M\000e\000t\000h\000o\000d\000o\000l\000o\000g\000y}{}% 26
\BOOKMARK [1][-]{section.38}{\376\377\000O\000v\000e\000r\000v\000i\000e\000w\000\040\000a\000n\000d\000\040\000D\000e\000s\000i\000g\000n\000\040\000P\000r\000i\000n\000c\000i\000p\000l\000e\000s}{chapter.37}% 27
\BOOKMARK [1][-]{section.40}{\376\377\000S\000e\000m\000a\000n\000t\000i\000c\000\040\000S\000t\000a\000t\000e\000\040\000R\000e\000p\000r\000e\000s\000e\000n\000t\000a\000t\000i\000o\000n}{chapter.37}% 28
\BOOKMARK [1][-]{section.42}{\376\377\000T\000e\000m\000p\000o\000r\000a\000l\000\040\000S\000e\000m\000a\000n\000t\000i\000c\000\040\000M\000e\000m\000o\000r\000y}{chapter.37}% 29
\BOOKMARK [1][-]{section.44}{\376\377\000S\000e\000m\000a\000n\000t\000i\000c\000\040\000D\000r\000i\000f\000t\000\040\000E\000s\000t\000i\000m\000a\000t\000i\000o\000n}{chapter.37}% 30
\BOOKMARK [1][-]{section.52}{\376\377\000E\000g\000o\000c\000e\000n\000t\000r\000i\000c\000\040\000O\000p\000e\000r\000a\000t\000i\000o\000n\000\040\000a\000n\000d\000\040\000C\000a\000m\000e\000r\000a\000-\000M\000o\000t\000i\000o\000n\000\040\000C\000o\000m\000p\000e\000n\000s\000a\000t\000i\000o\000n}{chapter.37}% 31
\BOOKMARK [1][-]{section.54}{\376\377\000A\000d\000a\000p\000t\000i\000v\000e\000\040\000C\000o\000m\000p\000u\000t\000e\000-\000A\000l\000l\000o\000c\000a\000t\000i\000o\000n\000\040\000P\000o\000l\000i\000c\000y}{chapter.37}% 32
\BOOKMARK [1][-]{section.57}{\376\377\000S\000e\000l\000e\000c\000t\000i\000v\000e\000\040\000I\000n\000v\000o\000c\000a\000t\000i\000o\000n\000\040\000a\000n\000d\000\040\000S\000e\000m\000a\000n\000t\000i\000c\000\040\000C\000a\000c\000h\000i\000n\000g}{chapter.37}% 33
\BOOKMARK [1][-]{section.58}{\376\377\000S\000e\000m\000a\000n\000t\000i\000c\000\040\000C\000o\000m\000p\000u\000t\000e\000\040\000E\000f\000f\000i\000c\000i\000e\000n\000c\000y}{chapter.37}% 34
\BOOKMARK [1][-]{section.60}{\376\377\000T\000h\000e\000\040\000S\000e\000m\000a\000n\000t\000i\000c\000\040\000O\000b\000s\000e\000r\000v\000a\000t\000o\000r\000y\000\040\000a\000n\000d\000\040\000P\000o\000l\000i\000c\000y\000-\000D\000i\000s\000c\000o\000v\000e\000r\000y\000\040\000M\000e\000t\000h\000o\000d\000o\000l\000o\000g\000y}{chapter.37}% 35
\BOOKMARK [0][-]{chapter.63}{\376\377\000S\000o\000f\000t\000w\000a\000r\000e\000\040\000A\000r\000c\000h\000i\000t\000e\000c\000t\000u\000r\000e\000\040\000a\000n\000d\000\040\000E\000n\000g\000i\000n\000e\000e\000r\000i\000n\000g\000\040\000D\000e\000s\000i\000g\000n}{}% 36
\BOOKMARK [1][-]{section.64}{\376\377\000S\000y\000s\000t\000e\000m\000\040\000A\000r\000c\000h\000i\000t\000e\000c\000t\000u\000r\000e\000\040\000O\000v\000e\000r\000v\000i\000e\000w}{chapter.63}% 37
\BOOKMARK [1][-]{section.66}{\376\377\000C\000o\000m\000p\000o\000n\000e\000n\000t\000-\000L\000e\000v\000e\000l\000\040\000I\000m\000p\000l\000e\000m\000e\000n\000t\000a\000t\000i\000o\000n\000\040\000B\000r\000e\000a\000k\000d\000o\000w\000n}{chapter.63}% 38
\BOOKMARK [2][-]{subsection.67}{\376\377\000F\000r\000a\000m\000e\000\040\000F\000i\000l\000t\000e\000r\000i\000n\000g\000\040\000a\000n\000d\000\040\000D\000e\000t\000e\000c\000t\000i\000o\000n}{section.66}% 39
\BOOKMARK [2][-]{subsection.68}{\376\377\000T\000r\000a\000c\000k\000i\000n\000g\000\040\000a\000n\000d\000\040\000E\000m\000b\000e\000d\000d\000i\000n\000g}{section.66}% 40
\BOOKMARK [2][-]{subsection.69}{\376\377\000T\000e\000m\000p\000o\000r\000a\000l\000\040\000M\000e\000m\000o\000r\000y\000\040\000a\000n\000d\000\040\000D\000r\000i\000f\000t\000\040\000E\000s\000t\000i\000m\000a\000t\000i\000o\000n}{section.66}% 41
\BOOKMARK [2][-]{subsection.85}{\376\377\000S\000c\000h\000e\000d\000u\000l\000e\000r\000,\000\040\000C\000a\000c\000h\000e\000,\000\040\000a\000n\000d\000\040\000V\000L\000M\000\040\000W\000r\000a\000p\000p\000e\000r}{section.66}% 42
\BOOKMARK [2][-]{subsection.86}{\376\377\000V\000i\000s\000i\000o\000n\000-\000L\000a\000n\000g\000u\000a\000g\000e\000\040\000M\000o\000d\000e\000l\000\040\000B\000a\000c\000k\000e\000n\000d\000s}{section.66}% 43
\BOOKMARK [1][-]{section.88}{\376\377\000C\000o\000n\000t\000r\000o\000l\000\040\000F\000l\000o\000w\000\040\000a\000n\000d\000\040\000t\000h\000e\000\040\000P\000o\000l\000i\000c\000y\000\040\000A\000b\000s\000t\000r\000a\000c\000t\000i\000o\000n}{chapter.63}% 44
\BOOKMARK [1][-]{section.95}{\376\377\000H\000y\000p\000e\000r\000p\000a\000r\000a\000m\000e\000t\000e\000r\000\040\000C\000o\000n\000f\000i\000g\000u\000r\000a\000t\000i\000o\000n}{chapter.63}% 45
\BOOKMARK [1][-]{section.97}{\376\377\000T\000h\000e\000\040\000S\000e\000m\000a\000n\000t\000i\000c\000\040\000O\000b\000s\000e\000r\000v\000a\000t\000o\000r\000y\000\040\000S\000u\000b\000s\000y\000s\000t\000e\000m}{chapter.63}% 46
\BOOKMARK [1][-]{section.98}{\376\377\000H\000a\000r\000d\000w\000a\000r\000e\000\040\000O\000p\000t\000i\000m\000i\000z\000a\000t\000i\000o\000n\000\040\000a\000n\000d\000\040\000E\000x\000e\000c\000u\000t\000i\000o\000n\000\040\000S\000t\000r\000a\000t\000e\000g\000y}{chapter.63}% 47
\BOOKMARK [0][-]{chapter.99}{\376\377\000E\000x\000p\000e\000r\000i\000m\000e\000n\000t\000a\000l\000\040\000S\000e\000t\000u\000p\000\040\000a\000n\000d\000\040\000E\000m\000p\000i\000r\000i\000c\000a\000l\000\040\000E\000v\000a\000l\000u\000a\000t\000i\000o\000n}{}% 48
\BOOKMARK [1][-]{section.100}{\376\377\000V\000i\000d\000e\000o\000\040\000E\000n\000v\000i\000r\000o\000n\000m\000e\000n\000t\000\040\000a\000n\000d\000\040\000P\000a\000r\000a\000m\000e\000t\000e\000r\000s}{chapter.99}% 49
\BOOKMARK [1][-]{section.101}{\376\377\000F\000o\000r\000m\000a\000l\000\040\000E\000v\000a\000l\000u\000a\000t\000i\000o\000n\000\040\000M\000e\000t\000r\000i\000c\000s}{chapter.99}% 50
\BOOKMARK [1][-]{section.102}{\376\377\000B\000a\000s\000e\000l\000i\000n\000e\000\040\000P\000o\000l\000i\000c\000i\000e\000s}{chapter.99}% 51
\BOOKMARK [1][-]{section.108}{\376\377\000Q\000u\000a\000n\000t\000i\000t\000a\000t\000i\000v\000e\000\040\000P\000e\000r\000f\000o\000r\000m\000a\000n\000c\000e\000\040\000A\000n\000a\000l\000y\000s\000i\000s}{chapter.99}% 52
\BOOKMARK [2][-]{subsection.112}{\376\377\000C\000o\000m\000p\000a\000r\000i\000s\000o\000n\000\040\000A\000g\000a\000i\000n\000s\000t\000\040\000B\000a\000s\000e\000l\000i\000n\000e\000s}{section.108}% 53
\BOOKMARK [1][-]{section.114}{\376\377\000C\000r\000o\000s\000s\000-\000D\000o\000m\000a\000i\000n\000\040\000A\000p\000p\000l\000i\000c\000a\000b\000i\000l\000i\000t\000y\000\040\000a\000n\000d\000\040\000I\000n\000v\000o\000c\000a\000t\000i\000o\000n\000\040\000P\000a\000t\000t\000e\000r\000n\000s}{chapter.99}% 54
\BOOKMARK [1][-]{section.116}{\376\377\000P\000l\000a\000n\000n\000e\000d\000\040\000A\000b\000l\000a\000t\000i\000o\000n\000\040\000S\000t\000u\000d\000i\000e\000s}{chapter.99}% 55
\BOOKMARK [1][-]{section.118}{\376\377\000D\000i\000s\000c\000u\000s\000s\000i\000o\000n}{chapter.99}% 56
\BOOKMARK [0][-]{chapter.119}{\376\377\000C\000o\000n\000c\000l\000u\000s\000i\000o\000n\000\040\000a\000n\000d\000\040\000F\000u\000t\000u\000r\000e\000\040\000S\000c\000o\000p\000e}{}% 57
\BOOKMARK [1][-]{section.120}{\376\377\000T\000h\000e\000s\000i\000s\000\040\000S\000y\000n\000t\000h\000e\000s\000i\000s\000\040\000a\000n\000d\000\040\000F\000i\000n\000a\000l\000\040\000R\000e\000v\000i\000e\000w}{chapter.119}% 58
\BOOKMARK [1][-]{section.121}{\376\377\000A\000r\000c\000h\000i\000t\000e\000c\000t\000u\000r\000a\000l\000\040\000T\000r\000a\000d\000e\000-\000o\000f\000f\000s\000\040\000a\000n\000d\000\040\000C\000o\000m\000p\000u\000t\000a\000t\000i\000o\000n\000a\000l\000\040\000C\000o\000s\000t\000s}{chapter.119}% 59
\BOOKMARK [1][-]{section.125}{\376\377\000D\000i\000r\000e\000c\000t\000i\000o\000n\000s\000\040\000f\000o\000r\000\040\000F\000u\000t\000u\000r\000e\000\040\000R\000e\000s\000e\000a\000r\000c\000h}{chapter.119}% 60
\BOOKMARK [0][-]{chapter*.126}{\376\377\000R\000e\000f\000e\000r\000e\000n\000c\000e\000s}{}% 61
\BOOKMARK [0][-]{appendix.127}{\376\377\000O\000p\000e\000r\000a\000t\000i\000o\000n\000a\000l\000\040\000G\000u\000i\000d\000e\000\040\000a\000n\000d\000\040\000R\000e\000p\000r\000o\000d\000u\000c\000i\000b\000i\000l\000i\000t\000y\000\040\000M\000a\000n\000u\000a\000l}{}% 62
\BOOKMARK [1][-]{section.128}{\376\377\000H\000a\000r\000d\000w\000a\000r\000e\000\040\000a\000n\000d\000\040\000S\000y\000s\000t\000e\000m\000\040\000P\000r\000e\000r\000e\000q\000u\000i\000s\000i\000t\000e\000s}{appendix.127}% 63
\BOOKMARK [1][-]{section.129}{\376\377\000E\000n\000v\000i\000r\000o\000n\000m\000e\000n\000t\000\040\000A\000s\000s\000e\000m\000b\000l\000y\000\040\000a\000n\000d\000\040\000D\000e\000p\000e\000n\000d\000e\000n\000c\000y\000\040\000R\000e\000g\000i\000s\000t\000r\000y}{appendix.127}% 64
\BOOKMARK [1][-]{section.138}{\376\377\000C\000o\000m\000m\000a\000n\000d\000-\000L\000i\000n\000e\000\040\000E\000x\000e\000c\000u\000t\000i\000o\000n}{appendix.127}% 65
\BOOKMARK [2][-]{subsection.139}{\376\377\000R\000u\000n\000n\000i\000n\000g\000\040\000a\000l\000l\000\040\000b\000a\000s\000e\000l\000i\000n\000e\000s\000\040\000a\000n\000d\000\040\000t\000h\000e\000\040\000p\000r\000o\000p\000o\000s\000e\000d\000\040\000s\000c\000h\000e\000d\000u\000l\000e\000r}{section.138}% 66
\BOOKMARK [2][-]{subsection.145}{\376\377\000I\000n\000d\000i\000v\000i\000d\000u\000a\000l\000\040\000r\000u\000n\000s\000\040\000a\000n\000d\000\040\000t\000h\000e\000\040\000t\000h\000r\000e\000s\000h\000o\000l\000d\000\040\000s\000w\000e\000e\000p}{section.138}% 67
\BOOKMARK [1][-]{section.168}{\376\377\000O\000u\000t\000p\000u\000t\000\040\000S\000t\000r\000u\000c\000t\000u\000r\000e}{appendix.127}% 68
